  Malysia_Jaegar.cpp
C:\Users\koksing\Desktop\GP Assignment\Malaysia_Jaegar\Malaysia_Jaegar\Malysia_Jaegar.cpp(21,27): warning C4305: 'initializing': truncation from 'double' to 'float'
C:\Users\koksing\Desktop\GP Assignment\Malaysia_Jaegar\Malaysia_Jaegar\Malysia_Jaegar.cpp(40,59): warning C4305: 'initializing': truncation from 'double' to 'float'
C:\Users\koksing\Desktop\GP Assignment\Malaysia_Jaegar\Malaysia_Jaegar\Malysia_Jaegar.cpp(852,32): warning C4244: 'argument': conversion from 'double' to 'GLfloat', possible loss of data
C:\Users\koksing\Desktop\GP Assignment\Malaysia_Jaegar\Malaysia_Jaegar\Malysia_Jaegar.cpp(853,23): warning C4244: 'argument': conversion from 'double' to 'GLfloat', possible loss of data
C:\Users\koksing\Desktop\GP Assignment\Malaysia_Jaegar\Malaysia_Jaegar\Malysia_Jaegar.cpp(855,23): warning C4244: 'argument': conversion from 'double' to 'GLfloat', possible loss of data
C:\Users\koksing\Desktop\GP Assignment\Malaysia_Jaegar\Malaysia_Jaegar\Malysia_Jaegar.cpp(856,32): warning C4244: 'argument': conversion from 'double' to 'GLfloat', possible loss of data
C:\Users\koksing\Desktop\GP Assignment\Malaysia_Jaegar\Malaysia_Jaegar\Malysia_Jaegar.cpp(908,25): warning C4805: '==': unsafe mix of type 'boolean' and type 'bool' in operation
C:\Users\koksing\Desktop\GP Assignment\Malaysia_Jaegar\Malaysia_Jaegar\Malysia_Jaegar.cpp(938,24): warning C4305: 'initializing': truncation from 'double' to 'float'
C:\Users\koksing\Desktop\GP Assignment\Malaysia_Jaegar\Malaysia_Jaegar\Malysia_Jaegar.cpp(938,45): warning C4305: 'initializing': truncation from 'double' to 'float'
C:\Users\koksing\Desktop\GP Assignment\Malaysia_Jaegar\Malaysia_Jaegar\Malysia_Jaegar.cpp(942,21): warning C4305: '-=': truncation from 'double' to 'float'
C:\Users\koksing\Desktop\GP Assignment\Malaysia_Jaegar\Malaysia_Jaegar\Malysia_Jaegar.cpp(943,24): warning C4305: '-=': truncation from 'double' to 'float'
C:\Users\koksing\Desktop\GP Assignment\Malaysia_Jaegar\Malaysia_Jaegar\Malysia_Jaegar.cpp(946,36): warning C4305: 'argument': truncation from 'double' to 'GLfloat'
C:\Users\koksing\Desktop\GP Assignment\Malaysia_Jaegar\Malaysia_Jaegar\Malysia_Jaegar.cpp(955,24): warning C4305: 'argument': truncation from 'double' to 'GLfloat'
C:\Users\koksing\Desktop\GP Assignment\Malaysia_Jaegar\Malaysia_Jaegar\Malysia_Jaegar.cpp(959,29): warning C4305: 'argument': truncation from 'double' to 'GLfloat'
C:\Users\koksing\Desktop\GP Assignment\Malaysia_Jaegar\Malaysia_Jaegar\Malysia_Jaegar.cpp(966,18): warning C4305: '=': truncation from 'double' to 'float'
C:\Users\koksing\Desktop\GP Assignment\Malaysia_Jaegar\Malaysia_Jaegar\Malysia_Jaegar.cpp(966,39): warning C4305: '=': truncation from 'double' to 'float'
C:\Users\koksing\Desktop\GP Assignment\Malaysia_Jaegar\Malaysia_Jaegar\Malysia_Jaegar.cpp(970,21): warning C4305: '-=': truncation from 'double' to 'float'
C:\Users\koksing\Desktop\GP Assignment\Malaysia_Jaegar\Malaysia_Jaegar\Malysia_Jaegar.cpp(971,24): warning C4305: '-=': truncation from 'double' to 'float'
C:\Users\koksing\Desktop\GP Assignment\Malaysia_Jaegar\Malaysia_Jaegar\Malysia_Jaegar.cpp(983,44): warning C4305: 'argument': truncation from 'double' to 'float'
C:\Users\koksing\Desktop\GP Assignment\Malaysia_Jaegar\Malaysia_Jaegar\Malysia_Jaegar.cpp(986,44): warning C4305: 'argument': truncation from 'double' to 'float'
C:\Users\koksing\Desktop\GP Assignment\Malaysia_Jaegar\Malaysia_Jaegar\Malysia_Jaegar.cpp(989,43): warning C4305: 'argument': truncation from 'double' to 'float'
C:\Users\koksing\Desktop\GP Assignment\Malaysia_Jaegar\Malaysia_Jaegar\Malysia_Jaegar.cpp(998,24): warning C4305: 'argument': truncation from 'double' to 'GLfloat'
C:\Users\koksing\Desktop\GP Assignment\Malaysia_Jaegar\Malaysia_Jaegar\Malysia_Jaegar.cpp(999,26): warning C4305: 'argument': truncation from 'double' to 'GLfloat'
C:\Users\koksing\Desktop\GP Assignment\Malaysia_Jaegar\Malaysia_Jaegar\Malysia_Jaegar.cpp(1003,58): warning C4305: 'argument': truncation from 'double' to 'float'
C:\Users\koksing\Desktop\GP Assignment\Malaysia_Jaegar\Malaysia_Jaegar\Malysia_Jaegar.cpp(1009,40): warning C4305: 'argument': truncation from 'double' to 'float'
C:\Users\koksing\Desktop\GP Assignment\Malaysia_Jaegar\Malaysia_Jaegar\Malysia_Jaegar.cpp(1010,26): warning C4305: 'argument': truncation from 'double' to 'GLfloat'
C:\Users\koksing\Desktop\GP Assignment\Malaysia_Jaegar\Malaysia_Jaegar\Malysia_Jaegar.cpp(1011,40): warning C4305: 'argument': truncation from 'double' to 'float'
C:\Users\koksing\Desktop\GP Assignment\Malaysia_Jaegar\Malaysia_Jaegar\Malysia_Jaegar.cpp(1013,40): warning C4305: 'argument': truncation from 'double' to 'float'
C:\Users\koksing\Desktop\GP Assignment\Malaysia_Jaegar\Malaysia_Jaegar\Malysia_Jaegar.cpp(1018,24): warning C4305: 'argument': truncation from 'double' to 'GLfloat'
C:\Users\koksing\Desktop\GP Assignment\Malaysia_Jaegar\Malaysia_Jaegar\Malysia_Jaegar.cpp(1021,53): warning C4305: 'argument': truncation from 'double' to 'float'
C:\Users\koksing\Desktop\GP Assignment\Malaysia_Jaegar\Malaysia_Jaegar\Malysia_Jaegar.cpp(1026,26): warning C4305: 'argument': truncation from 'double' to 'GLfloat'
C:\Users\koksing\Desktop\GP Assignment\Malaysia_Jaegar\Malaysia_Jaegar\Malysia_Jaegar.cpp(1027,43): warning C4305: 'argument': truncation from 'double' to 'float'
C:\Users\koksing\Desktop\GP Assignment\Malaysia_Jaegar\Malaysia_Jaegar\Malysia_Jaegar.cpp(1029,43): warning C4305: 'argument': truncation from 'double' to 'float'
C:\Users\koksing\Desktop\GP Assignment\Malaysia_Jaegar\Malaysia_Jaegar\Malysia_Jaegar.cpp(1030,26): warning C4305: 'argument': truncation from 'double' to 'GLfloat'
C:\Users\koksing\Desktop\GP Assignment\Malaysia_Jaegar\Malaysia_Jaegar\Malysia_Jaegar.cpp(1031,43): warning C4305: 'argument': truncation from 'double' to 'float'
C:\Users\koksing\Desktop\GP Assignment\Malaysia_Jaegar\Malaysia_Jaegar\Malysia_Jaegar.cpp(1045,25): warning C4805: '==': unsafe mix of type 'boolean' and type 'bool' in operation
C:\Users\koksing\Desktop\GP Assignment\Malaysia_Jaegar\Malaysia_Jaegar\Malysia_Jaegar.cpp(1071,25): warning C4305: 'argument': truncation from 'double' to 'GLfloat'
C:\Users\koksing\Desktop\GP Assignment\Malaysia_Jaegar\Malaysia_Jaegar\Malysia_Jaegar.cpp(1074,24): warning C4305: 'initializing': truncation from 'double' to 'float'
C:\Users\koksing\Desktop\GP Assignment\Malaysia_Jaegar\Malaysia_Jaegar\Malysia_Jaegar.cpp(1074,45): warning C4305: 'initializing': truncation from 'double' to 'float'
C:\Users\koksing\Desktop\GP Assignment\Malaysia_Jaegar\Malaysia_Jaegar\Malysia_Jaegar.cpp(1078,21): warning C4305: '-=': truncation from 'double' to 'float'
C:\Users\koksing\Desktop\GP Assignment\Malaysia_Jaegar\Malaysia_Jaegar\Malysia_Jaegar.cpp(1079,24): warning C4305: '-=': truncation from 'double' to 'float'
C:\Users\koksing\Desktop\GP Assignment\Malaysia_Jaegar\Malaysia_Jaegar\Malysia_Jaegar.cpp(1082,36): warning C4305: 'argument': truncation from 'double' to 'GLfloat'
C:\Users\koksing\Desktop\GP Assignment\Malaysia_Jaegar\Malaysia_Jaegar\Malysia_Jaegar.cpp(1096,30): warning C4305: 'argument': truncation from 'double' to 'GLfloat'
C:\Users\koksing\Desktop\GP Assignment\Malaysia_Jaegar\Malaysia_Jaegar\Malysia_Jaegar.cpp(1104,29): warning C4305: 'argument': truncation from 'double' to 'GLfloat'
C:\Users\koksing\Desktop\GP Assignment\Malaysia_Jaegar\Malaysia_Jaegar\Malysia_Jaegar.cpp(1108,18): warning C4305: '=': truncation from 'double' to 'float'
C:\Users\koksing\Desktop\GP Assignment\Malaysia_Jaegar\Malaysia_Jaegar\Malysia_Jaegar.cpp(1108,39): warning C4305: '=': truncation from 'double' to 'float'
C:\Users\koksing\Desktop\GP Assignment\Malaysia_Jaegar\Malaysia_Jaegar\Malysia_Jaegar.cpp(1110,25): warning C4805: '==': unsafe mix of type 'boolean' and type 'bool' in operation
C:\Users\koksing\Desktop\GP Assignment\Malaysia_Jaegar\Malaysia_Jaegar\Malysia_Jaegar.cpp(1116,21): warning C4305: '-=': truncation from 'double' to 'float'
C:\Users\koksing\Desktop\GP Assignment\Malaysia_Jaegar\Malaysia_Jaegar\Malysia_Jaegar.cpp(1117,24): warning C4305: '-=': truncation from 'double' to 'float'
C:\Users\koksing\Desktop\GP Assignment\Malaysia_Jaegar\Malaysia_Jaegar\Malysia_Jaegar.cpp(1125,25): warning C4805: '==': unsafe mix of type 'boolean' and type 'bool' in operation
C:\Users\koksing\Desktop\GP Assignment\Malaysia_Jaegar\Malaysia_Jaegar\Malysia_Jaegar.cpp(1127,42): warning C4305: 'argument': truncation from 'double' to 'float'
C:\Users\koksing\Desktop\GP Assignment\Malaysia_Jaegar\Malaysia_Jaegar\Malysia_Jaegar.cpp(1131,42): warning C4305: 'argument': truncation from 'double' to 'float'
C:\Users\koksing\Desktop\GP Assignment\Malaysia_Jaegar\Malaysia_Jaegar\Malysia_Jaegar.cpp(1135,41): warning C4305: 'argument': truncation from 'double' to 'float'
C:\Users\koksing\Desktop\GP Assignment\Malaysia_Jaegar\Malaysia_Jaegar\Malysia_Jaegar.cpp(1147,25): warning C4805: '==': unsafe mix of type 'boolean' and type 'bool' in operation
C:\Users\koksing\Desktop\GP Assignment\Malaysia_Jaegar\Malaysia_Jaegar\Malysia_Jaegar.cpp(1150,58): warning C4305: 'argument': truncation from 'double' to 'float'
C:\Users\koksing\Desktop\GP Assignment\Malaysia_Jaegar\Malaysia_Jaegar\Malysia_Jaegar.cpp(1153,26): warning C4305: 'argument': truncation from 'double' to 'GLfloat'
C:\Users\koksing\Desktop\GP Assignment\Malaysia_Jaegar\Malaysia_Jaegar\Malysia_Jaegar.cpp(1154,38): warning C4305: 'argument': truncation from 'double' to 'float'
C:\Users\koksing\Desktop\GP Assignment\Malaysia_Jaegar\Malaysia_Jaegar\Malysia_Jaegar.cpp(1156,40): warning C4305: 'argument': truncation from 'double' to 'float'
C:\Users\koksing\Desktop\GP Assignment\Malaysia_Jaegar\Malaysia_Jaegar\Malysia_Jaegar.cpp(1157,26): warning C4305: 'argument': truncation from 'double' to 'GLfloat'
C:\Users\koksing\Desktop\GP Assignment\Malaysia_Jaegar\Malaysia_Jaegar\Malysia_Jaegar.cpp(1158,40): warning C4305: 'argument': truncation from 'double' to 'float'
C:\Users\koksing\Desktop\GP Assignment\Malaysia_Jaegar\Malaysia_Jaegar\Malysia_Jaegar.cpp(1162,26): warning C4305: 'argument': truncation from 'double' to 'GLfloat'
C:\Users\koksing\Desktop\GP Assignment\Malaysia_Jaegar\Malaysia_Jaegar\Malysia_Jaegar.cpp(1165,53): warning C4305: 'argument': truncation from 'double' to 'float'
C:\Users\koksing\Desktop\GP Assignment\Malaysia_Jaegar\Malaysia_Jaegar\Malysia_Jaegar.cpp(1171,41): warning C4305: 'argument': truncation from 'double' to 'float'
C:\Users\koksing\Desktop\GP Assignment\Malaysia_Jaegar\Malaysia_Jaegar\Malysia_Jaegar.cpp(1172,26): warning C4305: 'argument': truncation from 'double' to 'GLfloat'
C:\Users\koksing\Desktop\GP Assignment\Malaysia_Jaegar\Malaysia_Jaegar\Malysia_Jaegar.cpp(1173,43): warning C4305: 'argument': truncation from 'double' to 'float'
C:\Users\koksing\Desktop\GP Assignment\Malaysia_Jaegar\Malaysia_Jaegar\Malysia_Jaegar.cpp(1175,43): warning C4305: 'argument': truncation from 'double' to 'float'
C:\Users\koksing\Desktop\GP Assignment\Malaysia_Jaegar\Malaysia_Jaegar\Malysia_Jaegar.cpp(1188,25): warning C4805: '==': unsafe mix of type 'boolean' and type 'bool' in operation
C:\Users\koksing\Desktop\GP Assignment\Malaysia_Jaegar\Malaysia_Jaegar\Malysia_Jaegar.cpp(1212,30): warning C4305: 'argument': truncation from 'double' to 'GLfloat'
C:\Users\koksing\Desktop\GP Assignment\Malaysia_Jaegar\Malaysia_Jaegar\Malysia_Jaegar.cpp(1219,42): warning C4305: 'argument': truncation from 'double' to 'float'
C:\Users\koksing\Desktop\GP Assignment\Malaysia_Jaegar\Malaysia_Jaegar\Malysia_Jaegar.cpp(1222,32): warning C4305: 'argument': truncation from 'double' to 'GLfloat'
C:\Users\koksing\Desktop\GP Assignment\Malaysia_Jaegar\Malaysia_Jaegar\Malysia_Jaegar.cpp(1228,43): warning C4305: 'argument': truncation from 'double' to 'float'
C:\Users\koksing\Desktop\GP Assignment\Malaysia_Jaegar\Malaysia_Jaegar\Malysia_Jaegar.cpp(1231,32): warning C4305: 'argument': truncation from 'double' to 'GLfloat'
C:\Users\koksing\Desktop\GP Assignment\Malaysia_Jaegar\Malaysia_Jaegar\Malysia_Jaegar.cpp(1235,42): warning C4305: 'argument': truncation from 'double' to 'float'
C:\Users\koksing\Desktop\GP Assignment\Malaysia_Jaegar\Malaysia_Jaegar\Malysia_Jaegar.cpp(1238,29): warning C4305: 'argument': truncation from 'double' to 'GLfloat'
C:\Users\koksing\Desktop\GP Assignment\Malaysia_Jaegar\Malaysia_Jaegar\Malysia_Jaegar.cpp(1242,32): warning C4305: 'argument': truncation from 'double' to 'GLfloat'
C:\Users\koksing\Desktop\GP Assignment\Malaysia_Jaegar\Malaysia_Jaegar\Malysia_Jaegar.cpp(1246,17): warning C4305: 'argument': truncation from 'double' to 'float'
C:\Users\koksing\Desktop\GP Assignment\Malaysia_Jaegar\Malaysia_Jaegar\Malysia_Jaegar.cpp(1259,24): warning C4305: 'argument': truncation from 'double' to 'GLfloat'
C:\Users\koksing\Desktop\GP Assignment\Malaysia_Jaegar\Malaysia_Jaegar\Malysia_Jaegar.cpp(1261,25): warning C4305: 'argument': truncation from 'double' to 'GLfloat'
C:\Users\koksing\Desktop\GP Assignment\Malaysia_Jaegar\Malaysia_Jaegar\Malysia_Jaegar.cpp(1263,25): warning C4305: 'argument': truncation from 'double' to 'GLfloat'
C:\Users\koksing\Desktop\GP Assignment\Malaysia_Jaegar\Malaysia_Jaegar\Malysia_Jaegar.cpp(1265,24): warning C4305: 'argument': truncation from 'double' to 'GLfloat'
C:\Users\koksing\Desktop\GP Assignment\Malaysia_Jaegar\Malaysia_Jaegar\Malysia_Jaegar.cpp(1268,28): warning C4305: 'argument': truncation from 'double' to 'GLfloat'
C:\Users\koksing\Desktop\GP Assignment\Malaysia_Jaegar\Malaysia_Jaegar\Malysia_Jaegar.cpp(1290,24): warning C4305: 'argument': truncation from 'double' to 'GLfloat'
C:\Users\koksing\Desktop\GP Assignment\Malaysia_Jaegar\Malaysia_Jaegar\Malysia_Jaegar.cpp(1292,25): warning C4305: 'argument': truncation from 'double' to 'GLfloat'
C:\Users\koksing\Desktop\GP Assignment\Malaysia_Jaegar\Malaysia_Jaegar\Malysia_Jaegar.cpp(1294,24): warning C4305: 'argument': truncation from 'double' to 'GLfloat'
C:\Users\koksing\Desktop\GP Assignment\Malaysia_Jaegar\Malaysia_Jaegar\Malysia_Jaegar.cpp(1296,25): warning C4305: 'argument': truncation from 'double' to 'GLfloat'
C:\Users\koksing\Desktop\GP Assignment\Malaysia_Jaegar\Malaysia_Jaegar\Malysia_Jaegar.cpp(1299,27): warning C4305: 'argument': truncation from 'double' to 'GLfloat'
C:\Users\koksing\Desktop\GP Assignment\Malaysia_Jaegar\Malaysia_Jaegar\Malysia_Jaegar.cpp(1319,27): warning C4305: 'argument': truncation from 'double' to 'GLfloat'
C:\Users\koksing\Desktop\GP Assignment\Malaysia_Jaegar\Malaysia_Jaegar\Malysia_Jaegar.cpp(1322,31): warning C4305: 'argument': truncation from 'double' to 'GLfloat'
C:\Users\koksing\Desktop\GP Assignment\Malaysia_Jaegar\Malaysia_Jaegar\Malysia_Jaegar.cpp(1323,24): warning C4305: 'argument': truncation from 'double' to 'GLfloat'
C:\Users\koksing\Desktop\GP Assignment\Malaysia_Jaegar\Malaysia_Jaegar\Malysia_Jaegar.cpp(1327,32): warning C4305: 'argument': truncation from 'double' to 'GLfloat'
C:\Users\koksing\Desktop\GP Assignment\Malaysia_Jaegar\Malaysia_Jaegar\Malysia_Jaegar.cpp(1328,24): warning C4305: 'argument': truncation from 'double' to 'GLfloat'
C:\Users\koksing\Desktop\GP Assignment\Malaysia_Jaegar\Malaysia_Jaegar\Malysia_Jaegar.cpp(1339,25): warning C4805: '==': unsafe mix of type 'boolean' and type 'bool' in operation
C:\Users\koksing\Desktop\GP Assignment\Malaysia_Jaegar\Malaysia_Jaegar\Malysia_Jaegar.cpp(1367,25): warning C4305: 'argument': truncation from 'double' to 'GLfloat'
C:\Users\koksing\Desktop\GP Assignment\Malaysia_Jaegar\Malaysia_Jaegar\Malysia_Jaegar.cpp(1371,57): warning C4305: 'argument': truncation from 'double' to 'float'
C:\Users\koksing\Desktop\GP Assignment\Malaysia_Jaegar\Malaysia_Jaegar\Malysia_Jaegar.cpp(1380,25): warning C4305: 'argument': truncation from 'double' to 'GLfloat'
C:\Users\koksing\Desktop\GP Assignment\Malaysia_Jaegar\Malaysia_Jaegar\Malysia_Jaegar.cpp(1383,56): warning C4305: 'argument': truncation from 'double' to 'float'
C:\Users\koksing\Desktop\GP Assignment\Malaysia_Jaegar\Malaysia_Jaegar\Malysia_Jaegar.cpp(1388,24): warning C4305: 'argument': truncation from 'double' to 'GLfloat'
C:\Users\koksing\Desktop\GP Assignment\Malaysia_Jaegar\Malaysia_Jaegar\Malysia_Jaegar.cpp(1390,56): warning C4305: 'argument': truncation from 'double' to 'float'
C:\Users\koksing\Desktop\GP Assignment\Malaysia_Jaegar\Malaysia_Jaegar\Malysia_Jaegar.cpp(1399,25): warning C4305: 'argument': truncation from 'double' to 'GLfloat'
C:\Users\koksing\Desktop\GP Assignment\Malaysia_Jaegar\Malaysia_Jaegar\Malysia_Jaegar.cpp(1402,55): warning C4305: 'argument': truncation from 'double' to 'float'
C:\Users\koksing\Desktop\GP Assignment\Malaysia_Jaegar\Malaysia_Jaegar\Malysia_Jaegar.cpp(1410,28): warning C4305: 'argument': truncation from 'double' to 'GLfloat'
C:\Users\koksing\Desktop\GP Assignment\Malaysia_Jaegar\Malaysia_Jaegar\Malysia_Jaegar.cpp(1416,23): warning C4305: 'initializing': truncation from 'double' to 'float'
C:\Users\koksing\Desktop\GP Assignment\Malaysia_Jaegar\Malaysia_Jaegar\Malysia_Jaegar.cpp(1420,21): warning C4305: '-=': truncation from 'double' to 'float'
C:\Users\koksing\Desktop\GP Assignment\Malaysia_Jaegar\Malaysia_Jaegar\Malysia_Jaegar.cpp(1421,24): warning C4305: '-=': truncation from 'double' to 'float'
C:\Users\koksing\Desktop\GP Assignment\Malaysia_Jaegar\Malaysia_Jaegar\Malysia_Jaegar.cpp(1436,25): warning C4805: '==': unsafe mix of type 'boolean' and type 'bool' in operation
C:\Users\koksing\Desktop\GP Assignment\Malaysia_Jaegar\Malaysia_Jaegar\Malysia_Jaegar.cpp(1463,35): warning C4305: 'argument': truncation from 'double' to 'GLfloat'
C:\Users\koksing\Desktop\GP Assignment\Malaysia_Jaegar\Malaysia_Jaegar\Malysia_Jaegar.cpp(1465,30): warning C4305: 'argument': truncation from 'double' to 'GLfloat'
C:\Users\koksing\Desktop\GP Assignment\Malaysia_Jaegar\Malaysia_Jaegar\Malysia_Jaegar.cpp(1467,35): warning C4305: 'argument': truncation from 'double' to 'GLfloat'
C:\Users\koksing\Desktop\GP Assignment\Malaysia_Jaegar\Malaysia_Jaegar\Malysia_Jaegar.cpp(1471,27): warning C4305: 'argument': truncation from 'double' to 'GLfloat'
C:\Users\koksing\Desktop\GP Assignment\Malaysia_Jaegar\Malaysia_Jaegar\Malysia_Jaegar.cpp(1474,41): warning C4305: 'argument': truncation from 'double' to 'float'
C:\Users\koksing\Desktop\GP Assignment\Malaysia_Jaegar\Malaysia_Jaegar\Malysia_Jaegar.cpp(1483,28): warning C4305: 'argument': truncation from 'double' to 'GLfloat'
C:\Users\koksing\Desktop\GP Assignment\Malaysia_Jaegar\Malaysia_Jaegar\Malysia_Jaegar.cpp(1487,23): warning C4305: 'initializing': truncation from 'double' to 'float'
C:\Users\koksing\Desktop\GP Assignment\Malaysia_Jaegar\Malaysia_Jaegar\Malysia_Jaegar.cpp(1487,43): warning C4305: 'initializing': truncation from 'double' to 'float'
C:\Users\koksing\Desktop\GP Assignment\Malaysia_Jaegar\Malaysia_Jaegar\Malysia_Jaegar.cpp(1493,21): warning C4305: '-=': truncation from 'double' to 'float'
C:\Users\koksing\Desktop\GP Assignment\Malaysia_Jaegar\Malaysia_Jaegar\Malysia_Jaegar.cpp(1494,24): warning C4305: '-=': truncation from 'double' to 'float'
C:\Users\koksing\Desktop\GP Assignment\Malaysia_Jaegar\Malaysia_Jaegar\Malysia_Jaegar.cpp(1508,25): warning C4305: 'argument': truncation from 'double' to 'GLfloat'
C:\Users\koksing\Desktop\GP Assignment\Malaysia_Jaegar\Malaysia_Jaegar\Malysia_Jaegar.cpp(1512,24): warning C4305: 'argument': truncation from 'double' to 'GLfloat'
C:\Users\koksing\Desktop\GP Assignment\Malaysia_Jaegar\Malaysia_Jaegar\Malysia_Jaegar.cpp(1522,28): warning C4305: 'argument': truncation from 'double' to 'GLfloat'
C:\Users\koksing\Desktop\GP Assignment\Malaysia_Jaegar\Malaysia_Jaegar\Malysia_Jaegar.cpp(1750,29): warning C4244: '=': conversion from 'double' to 'GLfloat', possible loss of data
C:\Users\koksing\Desktop\GP Assignment\Malaysia_Jaegar\Malaysia_Jaegar\Malysia_Jaegar.cpp(1751,29): warning C4244: '=': conversion from 'double' to 'GLfloat', possible loss of data
C:\Users\koksing\Desktop\GP Assignment\Malaysia_Jaegar\Malaysia_Jaegar\Malysia_Jaegar.cpp(1752,15): warning C4244: '=': conversion from 'double' to 'GLfloat', possible loss of data
C:\Users\koksing\Desktop\GP Assignment\Malaysia_Jaegar\Malaysia_Jaegar\Malysia_Jaegar.cpp(1755,29): warning C4244: '=': conversion from 'double' to 'GLfloat', possible loss of data
C:\Users\koksing\Desktop\GP Assignment\Malaysia_Jaegar\Malaysia_Jaegar\Malysia_Jaegar.cpp(1756,29): warning C4244: '=': conversion from 'double' to 'GLfloat', possible loss of data
C:\Users\koksing\Desktop\GP Assignment\Malaysia_Jaegar\Malaysia_Jaegar\Malysia_Jaegar.cpp(1757,15): warning C4244: '=': conversion from 'double' to 'GLfloat', possible loss of data
C:\Users\koksing\Desktop\GP Assignment\Malaysia_Jaegar\Malaysia_Jaegar\Malysia_Jaegar.cpp(1803,25): warning C4805: '==': unsafe mix of type 'boolean' and type 'bool' in operation
C:\Users\koksing\Desktop\GP Assignment\Malaysia_Jaegar\Malaysia_Jaegar\Malysia_Jaegar.cpp(1825,32): warning C4305: 'argument': truncation from 'double' to 'GLfloat'
C:\Users\koksing\Desktop\GP Assignment\Malaysia_Jaegar\Malaysia_Jaegar\Malysia_Jaegar.cpp(1827,24): warning C4305: 'argument': truncation from 'double' to 'GLfloat'
C:\Users\koksing\Desktop\GP Assignment\Malaysia_Jaegar\Malaysia_Jaegar\Malysia_Jaegar.cpp(1836,33): warning C4305: 'argument': truncation from 'double' to 'GLfloat'
C:\Users\koksing\Desktop\GP Assignment\Malaysia_Jaegar\Malaysia_Jaegar\Malysia_Jaegar.cpp(1837,24): warning C4305: 'argument': truncation from 'double' to 'GLfloat'
C:\Users\koksing\Desktop\GP Assignment\Malaysia_Jaegar\Malaysia_Jaegar\Malysia_Jaegar.cpp(1843,33): warning C4305: 'argument': truncation from 'double' to 'GLfloat'
C:\Users\koksing\Desktop\GP Assignment\Malaysia_Jaegar\Malaysia_Jaegar\Malysia_Jaegar.cpp(1849,33): warning C4305: 'argument': truncation from 'double' to 'GLfloat'
C:\Users\koksing\Desktop\GP Assignment\Malaysia_Jaegar\Malaysia_Jaegar\Malysia_Jaegar.cpp(1850,28): warning C4305: 'argument': truncation from 'double' to 'GLfloat'
C:\Users\koksing\Desktop\GP Assignment\Malaysia_Jaegar\Malaysia_Jaegar\Malysia_Jaegar.cpp(1855,33): warning C4305: 'argument': truncation from 'double' to 'GLfloat'
C:\Users\koksing\Desktop\GP Assignment\Malaysia_Jaegar\Malaysia_Jaegar\Malysia_Jaegar.cpp(1856,25): warning C4305: 'argument': truncation from 'double' to 'GLfloat'
C:\Users\koksing\Desktop\GP Assignment\Malaysia_Jaegar\Malaysia_Jaegar\Malysia_Jaegar.cpp(1868,25): warning C4305: 'argument': truncation from 'double' to 'GLfloat'
C:\Users\koksing\Desktop\GP Assignment\Malaysia_Jaegar\Malaysia_Jaegar\Malysia_Jaegar.cpp(1875,25): warning C4305: 'argument': truncation from 'double' to 'GLfloat'
C:\Users\koksing\Desktop\GP Assignment\Malaysia_Jaegar\Malaysia_Jaegar\Malysia_Jaegar.cpp(1884,25): warning C4805: '==': unsafe mix of type 'boolean' and type 'bool' in operation
C:\Users\koksing\Desktop\GP Assignment\Malaysia_Jaegar\Malaysia_Jaegar\Malysia_Jaegar.cpp(1912,45): warning C4305: 'initializing': truncation from 'double' to 'GLfloat'
C:\Users\koksing\Desktop\GP Assignment\Malaysia_Jaegar\Malaysia_Jaegar\Malysia_Jaegar.cpp(1913,23): warning C4305: 'initializing': truncation from 'double' to 'GLfloat'
C:\Users\koksing\Desktop\GP Assignment\Malaysia_Jaegar\Malaysia_Jaegar\Malysia_Jaegar.cpp(1915,18): warning C4305: 'initializing': truncation from 'double' to 'float'
C:\Users\koksing\Desktop\GP Assignment\Malaysia_Jaegar\Malaysia_Jaegar\Malysia_Jaegar.cpp(1924,28): warning C4305: 'argument': truncation from 'double' to 'GLfloat'
C:\Users\koksing\Desktop\GP Assignment\Malaysia_Jaegar\Malaysia_Jaegar\Malysia_Jaegar.cpp(1925,24): warning C4305: 'argument': truncation from 'double' to 'GLfloat'
C:\Users\koksing\Desktop\GP Assignment\Malaysia_Jaegar\Malaysia_Jaegar\Malysia_Jaegar.cpp(1943,32): warning C4305: 'argument': truncation from 'double' to 'GLfloat'
C:\Users\koksing\Desktop\GP Assignment\Malaysia_Jaegar\Malaysia_Jaegar\Malysia_Jaegar.cpp(1952,30): warning C4305: 'argument': truncation from 'double' to 'GLfloat'
C:\Users\koksing\Desktop\GP Assignment\Malaysia_Jaegar\Malaysia_Jaegar\Malysia_Jaegar.cpp(1960,29): warning C4305: 'argument': truncation from 'double' to 'GLfloat'
C:\Users\koksing\Desktop\GP Assignment\Malaysia_Jaegar\Malaysia_Jaegar\Malysia_Jaegar.cpp(1964,29): warning C4305: 'argument': truncation from 'double' to 'GLfloat'
C:\Users\koksing\Desktop\GP Assignment\Malaysia_Jaegar\Malaysia_Jaegar\Malysia_Jaegar.cpp(1977,28): warning C4305: 'argument': truncation from 'double' to 'GLfloat'
C:\Users\koksing\Desktop\GP Assignment\Malaysia_Jaegar\Malaysia_Jaegar\Malysia_Jaegar.cpp(1987,31): warning C4305: 'argument': truncation from 'double' to 'GLfloat'
C:\Users\koksing\Desktop\GP Assignment\Malaysia_Jaegar\Malaysia_Jaegar\Malysia_Jaegar.cpp(1997,30): warning C4305: 'argument': truncation from 'double' to 'GLfloat'
C:\Users\koksing\Desktop\GP Assignment\Malaysia_Jaegar\Malaysia_Jaegar\Malysia_Jaegar.cpp(2018,24): warning C4305: 'argument': truncation from 'double' to 'GLfloat'
C:\Users\koksing\Desktop\GP Assignment\Malaysia_Jaegar\Malaysia_Jaegar\Malysia_Jaegar.cpp(2019,29): warning C4305: 'argument': truncation from 'double' to 'GLfloat'
C:\Users\koksing\Desktop\GP Assignment\Malaysia_Jaegar\Malaysia_Jaegar\Malysia_Jaegar.cpp(2022,30): warning C4305: 'argument': truncation from 'double' to 'GLfloat'
C:\Users\koksing\Desktop\GP Assignment\Malaysia_Jaegar\Malaysia_Jaegar\Malysia_Jaegar.cpp(2024,28): warning C4305: 'argument': truncation from 'double' to 'GLfloat'
C:\Users\koksing\Desktop\GP Assignment\Malaysia_Jaegar\Malaysia_Jaegar\Malysia_Jaegar.cpp(2026,31): warning C4305: 'argument': truncation from 'double' to 'GLfloat'
C:\Users\koksing\Desktop\GP Assignment\Malaysia_Jaegar\Malaysia_Jaegar\Malysia_Jaegar.cpp(2027,24): warning C4305: 'argument': truncation from 'double' to 'GLfloat'
C:\Users\koksing\Desktop\GP Assignment\Malaysia_Jaegar\Malaysia_Jaegar\Malysia_Jaegar.cpp(2034,29): warning C4305: 'argument': truncation from 'double' to 'GLfloat'
C:\Users\koksing\Desktop\GP Assignment\Malaysia_Jaegar\Malaysia_Jaegar\Malysia_Jaegar.cpp(2036,29): warning C4305: 'argument': truncation from 'double' to 'GLfloat'
C:\Users\koksing\Desktop\GP Assignment\Malaysia_Jaegar\Malaysia_Jaegar\Malysia_Jaegar.cpp(2038,28): warning C4305: 'argument': truncation from 'double' to 'GLfloat'
C:\Users\koksing\Desktop\GP Assignment\Malaysia_Jaegar\Malaysia_Jaegar\Malysia_Jaegar.cpp(2041,29): warning C4305: 'argument': truncation from 'double' to 'GLfloat'
C:\Users\koksing\Desktop\GP Assignment\Malaysia_Jaegar\Malaysia_Jaegar\Malysia_Jaegar.cpp(2042,24): warning C4305: 'argument': truncation from 'double' to 'GLfloat'
C:\Users\koksing\Desktop\GP Assignment\Malaysia_Jaegar\Malaysia_Jaegar\Malysia_Jaegar.cpp(2059,29): warning C4305: 'argument': truncation from 'double' to 'GLfloat'
C:\Users\koksing\Desktop\GP Assignment\Malaysia_Jaegar\Malaysia_Jaegar\Malysia_Jaegar.cpp(2060,25): warning C4305: 'argument': truncation from 'double' to 'GLfloat'
C:\Users\koksing\Desktop\GP Assignment\Malaysia_Jaegar\Malaysia_Jaegar\Malysia_Jaegar.cpp(2067,29): warning C4305: 'argument': truncation from 'double' to 'GLfloat'
C:\Users\koksing\Desktop\GP Assignment\Malaysia_Jaegar\Malaysia_Jaegar\Malysia_Jaegar.cpp(2069,30): warning C4305: 'argument': truncation from 'double' to 'GLfloat'
C:\Users\koksing\Desktop\GP Assignment\Malaysia_Jaegar\Malaysia_Jaegar\Malysia_Jaegar.cpp(2070,25): warning C4305: 'argument': truncation from 'double' to 'GLfloat'
C:\Users\koksing\Desktop\GP Assignment\Malaysia_Jaegar\Malaysia_Jaegar\Malysia_Jaegar.cpp(2071,47): warning C4244: 'argument': conversion from 'double' to 'int', possible loss of data
C:\Users\koksing\Desktop\GP Assignment\Malaysia_Jaegar\Malaysia_Jaegar\Malysia_Jaegar.cpp(2071,40): warning C4244: 'argument': conversion from 'double' to 'int', possible loss of data
C:\Users\koksing\Desktop\GP Assignment\Malaysia_Jaegar\Malaysia_Jaegar\Malysia_Jaegar.cpp(2076,34): warning C4305: 'argument': truncation from 'double' to 'GLfloat'
C:\Users\koksing\Desktop\GP Assignment\Malaysia_Jaegar\Malaysia_Jaegar\Malysia_Jaegar.cpp(2077,24): warning C4305: 'argument': truncation from 'double' to 'GLfloat'
C:\Users\koksing\Desktop\GP Assignment\Malaysia_Jaegar\Malaysia_Jaegar\Malysia_Jaegar.cpp(2091,34): warning C4305: 'argument': truncation from 'double' to 'GLfloat'
C:\Users\koksing\Desktop\GP Assignment\Malaysia_Jaegar\Malaysia_Jaegar\Malysia_Jaegar.cpp(2093,25): warning C4305: 'argument': truncation from 'double' to 'GLfloat'
C:\Users\koksing\Desktop\GP Assignment\Malaysia_Jaegar\Malaysia_Jaegar\Malysia_Jaegar.cpp(2104,40): warning C4305: 'argument': truncation from 'double' to 'GLfloat'
C:\Users\koksing\Desktop\GP Assignment\Malaysia_Jaegar\Malaysia_Jaegar\Malysia_Jaegar.cpp(2106,24): warning C4305: 'argument': truncation from 'double' to 'GLfloat'
C:\Users\koksing\Desktop\GP Assignment\Malaysia_Jaegar\Malaysia_Jaegar\Malysia_Jaegar.cpp(2109,47): warning C4244: 'argument': conversion from 'double' to 'int', possible loss of data
C:\Users\koksing\Desktop\GP Assignment\Malaysia_Jaegar\Malaysia_Jaegar\Malysia_Jaegar.cpp(2109,40): warning C4244: 'argument': conversion from 'double' to 'int', possible loss of data
C:\Users\koksing\Desktop\GP Assignment\Malaysia_Jaegar\Malaysia_Jaegar\Malysia_Jaegar.cpp(2121,30): warning C4305: 'argument': truncation from 'double' to 'GLfloat'
C:\Users\koksing\Desktop\GP Assignment\Malaysia_Jaegar\Malaysia_Jaegar\Malysia_Jaegar.cpp(2123,28): warning C4305: 'argument': truncation from 'double' to 'GLfloat'
C:\Users\koksing\Desktop\GP Assignment\Malaysia_Jaegar\Malaysia_Jaegar\Malysia_Jaegar.cpp(2124,15): warning C4244: 'argument': conversion from 'double' to 'float', possible loss of data
C:\Users\koksing\Desktop\GP Assignment\Malaysia_Jaegar\Malaysia_Jaegar\Malysia_Jaegar.cpp(2128,28): warning C4305: 'argument': truncation from 'double' to 'GLfloat'
C:\Users\koksing\Desktop\GP Assignment\Malaysia_Jaegar\Malaysia_Jaegar\Malysia_Jaegar.cpp(2129,15): warning C4244: 'argument': conversion from 'double' to 'float', possible loss of data
C:\Users\koksing\Desktop\GP Assignment\Malaysia_Jaegar\Malaysia_Jaegar\Malysia_Jaegar.cpp(2133,29): warning C4305: 'argument': truncation from 'double' to 'GLfloat'
C:\Users\koksing\Desktop\GP Assignment\Malaysia_Jaegar\Malaysia_Jaegar\Malysia_Jaegar.cpp(2134,14): warning C4244: 'argument': conversion from 'double' to 'float', possible loss of data
C:\Users\koksing\Desktop\GP Assignment\Malaysia_Jaegar\Malaysia_Jaegar\Malysia_Jaegar.cpp(2138,29): warning C4305: 'argument': truncation from 'double' to 'GLfloat'
C:\Users\koksing\Desktop\GP Assignment\Malaysia_Jaegar\Malaysia_Jaegar\Malysia_Jaegar.cpp(2139,14): warning C4244: 'argument': conversion from 'double' to 'float', possible loss of data
C:\Users\koksing\Desktop\GP Assignment\Malaysia_Jaegar\Malaysia_Jaegar\Malysia_Jaegar.cpp(2150,25): warning C4805: '==': unsafe mix of type 'boolean' and type 'bool' in operation
C:\Users\koksing\Desktop\GP Assignment\Malaysia_Jaegar\Malaysia_Jaegar\Malysia_Jaegar.cpp(2174,18): warning C4305: 'initializing': truncation from 'double' to 'float'
C:\Users\koksing\Desktop\GP Assignment\Malaysia_Jaegar\Malaysia_Jaegar\Malysia_Jaegar.cpp(2175,24): warning C4305: 'initializing': truncation from 'double' to 'float'
C:\Users\koksing\Desktop\GP Assignment\Malaysia_Jaegar\Malaysia_Jaegar\Malysia_Jaegar.cpp(2187,40): warning C4244: 'argument': conversion from 'float' to 'int', possible loss of data
C:\Users\koksing\Desktop\GP Assignment\Malaysia_Jaegar\Malaysia_Jaegar\Malysia_Jaegar.cpp(2187,31): warning C4244: 'argument': conversion from 'float' to 'int', possible loss of data
C:\Users\koksing\Desktop\GP Assignment\Malaysia_Jaegar\Malaysia_Jaegar\Malysia_Jaegar.cpp(2198,24): warning C4305: 'argument': truncation from 'double' to 'GLfloat'
C:\Users\koksing\Desktop\GP Assignment\Malaysia_Jaegar\Malaysia_Jaegar\Malysia_Jaegar.cpp(2210,32): warning C4305: 'argument': truncation from 'double' to 'GLfloat'
C:\Users\koksing\Desktop\GP Assignment\Malaysia_Jaegar\Malaysia_Jaegar\Malysia_Jaegar.cpp(2211,24): warning C4305: 'argument': truncation from 'double' to 'GLfloat'
C:\Users\koksing\Desktop\GP Assignment\Malaysia_Jaegar\Malaysia_Jaegar\Malysia_Jaegar.cpp(2222,24): warning C4305: 'argument': truncation from 'double' to 'GLfloat'
C:\Users\koksing\Desktop\GP Assignment\Malaysia_Jaegar\Malaysia_Jaegar\Malysia_Jaegar.cpp(2224,33): warning C4305: 'argument': truncation from 'double' to 'GLfloat'
C:\Users\koksing\Desktop\GP Assignment\Malaysia_Jaegar\Malaysia_Jaegar\Malysia_Jaegar.cpp(2225,24): warning C4305: 'argument': truncation from 'double' to 'GLfloat'
C:\Users\koksing\Desktop\GP Assignment\Malaysia_Jaegar\Malaysia_Jaegar\Malysia_Jaegar.cpp(2233,32): warning C4305: 'argument': truncation from 'double' to 'GLfloat'
C:\Users\koksing\Desktop\GP Assignment\Malaysia_Jaegar\Malaysia_Jaegar\Malysia_Jaegar.cpp(2234,24): warning C4305: 'argument': truncation from 'double' to 'GLfloat'
C:\Users\koksing\Desktop\GP Assignment\Malaysia_Jaegar\Malaysia_Jaegar\Malysia_Jaegar.cpp(2249,24): warning C4305: 'argument': truncation from 'double' to 'GLfloat'
C:\Users\koksing\Desktop\GP Assignment\Malaysia_Jaegar\Malaysia_Jaegar\Malysia_Jaegar.cpp(2250,29): warning C4305: 'argument': truncation from 'double' to 'GLfloat'
C:\Users\koksing\Desktop\GP Assignment\Malaysia_Jaegar\Malaysia_Jaegar\Malysia_Jaegar.cpp(2253,40): warning C4244: 'argument': conversion from 'float' to 'int', possible loss of data
C:\Users\koksing\Desktop\GP Assignment\Malaysia_Jaegar\Malaysia_Jaegar\Malysia_Jaegar.cpp(2253,31): warning C4244: 'argument': conversion from 'float' to 'int', possible loss of data
C:\Users\koksing\Desktop\GP Assignment\Malaysia_Jaegar\Malaysia_Jaegar\Malysia_Jaegar.cpp(2265,25): warning C4805: '==': unsafe mix of type 'boolean' and type 'bool' in operation
C:\Users\koksing\Desktop\GP Assignment\Malaysia_Jaegar\Malaysia_Jaegar\Malysia_Jaegar.cpp(2289,18): warning C4305: 'initializing': truncation from 'double' to 'float'
C:\Users\koksing\Desktop\GP Assignment\Malaysia_Jaegar\Malaysia_Jaegar\Malysia_Jaegar.cpp(2291,24): warning C4305: 'initializing': truncation from 'double' to 'float'
C:\Users\koksing\Desktop\GP Assignment\Malaysia_Jaegar\Malaysia_Jaegar\Malysia_Jaegar.cpp(2301,30): warning C4305: 'argument': truncation from 'double' to 'GLfloat'
C:\Users\koksing\Desktop\GP Assignment\Malaysia_Jaegar\Malaysia_Jaegar\Malysia_Jaegar.cpp(2302,24): warning C4305: 'argument': truncation from 'double' to 'GLfloat'
C:\Users\koksing\Desktop\GP Assignment\Malaysia_Jaegar\Malaysia_Jaegar\Malysia_Jaegar.cpp(2320,30): warning C4305: 'argument': truncation from 'double' to 'GLfloat'
C:\Users\koksing\Desktop\GP Assignment\Malaysia_Jaegar\Malaysia_Jaegar\Malysia_Jaegar.cpp(2322,32): warning C4305: 'argument': truncation from 'double' to 'GLfloat'
C:\Users\koksing\Desktop\GP Assignment\Malaysia_Jaegar\Malaysia_Jaegar\Malysia_Jaegar.cpp(2323,24): warning C4305: 'argument': truncation from 'double' to 'GLfloat'
C:\Users\koksing\Desktop\GP Assignment\Malaysia_Jaegar\Malaysia_Jaegar\Malysia_Jaegar.cpp(2333,24): warning C4305: 'argument': truncation from 'double' to 'GLfloat'
C:\Users\koksing\Desktop\GP Assignment\Malaysia_Jaegar\Malaysia_Jaegar\Malysia_Jaegar.cpp(2335,33): warning C4305: 'argument': truncation from 'double' to 'GLfloat'
C:\Users\koksing\Desktop\GP Assignment\Malaysia_Jaegar\Malaysia_Jaegar\Malysia_Jaegar.cpp(2336,24): warning C4305: 'argument': truncation from 'double' to 'GLfloat'
C:\Users\koksing\Desktop\GP Assignment\Malaysia_Jaegar\Malaysia_Jaegar\Malysia_Jaegar.cpp(2344,32): warning C4305: 'argument': truncation from 'double' to 'GLfloat'
C:\Users\koksing\Desktop\GP Assignment\Malaysia_Jaegar\Malaysia_Jaegar\Malysia_Jaegar.cpp(2345,24): warning C4305: 'argument': truncation from 'double' to 'GLfloat'
C:\Users\koksing\Desktop\GP Assignment\Malaysia_Jaegar\Malaysia_Jaegar\Malysia_Jaegar.cpp(2365,29): warning C4305: 'argument': truncation from 'double' to 'GLfloat'
C:\Users\koksing\Desktop\GP Assignment\Malaysia_Jaegar\Malaysia_Jaegar\Malysia_Jaegar.cpp(2368,40): warning C4244: 'argument': conversion from 'float' to 'int', possible loss of data
C:\Users\koksing\Desktop\GP Assignment\Malaysia_Jaegar\Malaysia_Jaegar\Malysia_Jaegar.cpp(2368,31): warning C4244: 'argument': conversion from 'float' to 'int', possible loss of data
C:\Users\koksing\Desktop\GP Assignment\Malaysia_Jaegar\Malaysia_Jaegar\Malysia_Jaegar.cpp(2380,25): warning C4805: '==': unsafe mix of type 'boolean' and type 'bool' in operation
C:\Users\koksing\Desktop\GP Assignment\Malaysia_Jaegar\Malaysia_Jaegar\Malysia_Jaegar.cpp(2401,24): warning C4305: 'initializing': truncation from 'double' to 'float'
C:\Users\koksing\Desktop\GP Assignment\Malaysia_Jaegar\Malaysia_Jaegar\Malysia_Jaegar.cpp(2407,30): warning C4305: 'argument': truncation from 'double' to 'GLfloat'
C:\Users\koksing\Desktop\GP Assignment\Malaysia_Jaegar\Malaysia_Jaegar\Malysia_Jaegar.cpp(2408,24): warning C4305: 'argument': truncation from 'double' to 'GLfloat'
C:\Users\koksing\Desktop\GP Assignment\Malaysia_Jaegar\Malaysia_Jaegar\Malysia_Jaegar.cpp(2424,18): warning C4305: 'initializing': truncation from 'double' to 'float'
C:\Users\koksing\Desktop\GP Assignment\Malaysia_Jaegar\Malaysia_Jaegar\Malysia_Jaegar.cpp(2427,24): warning C4305: 'argument': truncation from 'double' to 'GLfloat'
C:\Users\koksing\Desktop\GP Assignment\Malaysia_Jaegar\Malaysia_Jaegar\Malysia_Jaegar.cpp(2435,25): warning C4805: '==': unsafe mix of type 'boolean' and type 'bool' in operation
C:\Users\koksing\Desktop\GP Assignment\Malaysia_Jaegar\Malaysia_Jaegar\Malysia_Jaegar.cpp(2455,18): warning C4305: 'initializing': truncation from 'double' to 'float'
C:\Users\koksing\Desktop\GP Assignment\Malaysia_Jaegar\Malaysia_Jaegar\Malysia_Jaegar.cpp(2459,24): warning C4305: 'argument': truncation from 'double' to 'GLfloat'
C:\Users\koksing\Desktop\GP Assignment\Malaysia_Jaegar\Malaysia_Jaegar\Malysia_Jaegar.cpp(2474,25): warning C4305: 'argument': truncation from 'double' to 'GLfloat'
C:\Users\koksing\Desktop\GP Assignment\Malaysia_Jaegar\Malaysia_Jaegar\Malysia_Jaegar.cpp(2475,33): warning C4305: 'argument': truncation from 'double' to 'GLfloat'
C:\Users\koksing\Desktop\GP Assignment\Malaysia_Jaegar\Malaysia_Jaegar\Malysia_Jaegar.cpp(2486,25): warning C4305: 'argument': truncation from 'double' to 'GLfloat'
C:\Users\koksing\Desktop\GP Assignment\Malaysia_Jaegar\Malaysia_Jaegar\Malysia_Jaegar.cpp(2487,33): warning C4305: 'argument': truncation from 'double' to 'GLfloat'
C:\Users\koksing\Desktop\GP Assignment\Malaysia_Jaegar\Malaysia_Jaegar\Malysia_Jaegar.cpp(2497,28): warning C4305: 'argument': truncation from 'double' to 'GLfloat'
C:\Users\koksing\Desktop\GP Assignment\Malaysia_Jaegar\Malaysia_Jaegar\Malysia_Jaegar.cpp(2499,29): warning C4305: 'argument': truncation from 'double' to 'GLfloat'
C:\Users\koksing\Desktop\GP Assignment\Malaysia_Jaegar\Malaysia_Jaegar\Malysia_Jaegar.cpp(2503,24): warning C4305: 'argument': truncation from 'double' to 'GLfloat'
C:\Users\koksing\Desktop\GP Assignment\Malaysia_Jaegar\Malaysia_Jaegar\Malysia_Jaegar.cpp(2508,29): warning C4305: 'argument': truncation from 'double' to 'GLfloat'
C:\Users\koksing\Desktop\GP Assignment\Malaysia_Jaegar\Malaysia_Jaegar\Malysia_Jaegar.cpp(2511,28): warning C4305: 'argument': truncation from 'double' to 'GLfloat'
C:\Users\koksing\Desktop\GP Assignment\Malaysia_Jaegar\Malaysia_Jaegar\Malysia_Jaegar.cpp(2515,24): warning C4305: 'argument': truncation from 'double' to 'GLfloat'
C:\Users\koksing\Desktop\GP Assignment\Malaysia_Jaegar\Malaysia_Jaegar\Malysia_Jaegar.cpp(2516,29): warning C4305: 'argument': truncation from 'double' to 'GLfloat'
C:\Users\koksing\Desktop\GP Assignment\Malaysia_Jaegar\Malaysia_Jaegar\Malysia_Jaegar.cpp(2522,29): warning C4305: 'argument': truncation from 'double' to 'GLfloat'
C:\Users\koksing\Desktop\GP Assignment\Malaysia_Jaegar\Malaysia_Jaegar\Malysia_Jaegar.cpp(2525,28): warning C4305: 'argument': truncation from 'double' to 'GLfloat'
C:\Users\koksing\Desktop\GP Assignment\Malaysia_Jaegar\Malaysia_Jaegar\Malysia_Jaegar.cpp(2528,29): warning C4305: 'argument': truncation from 'double' to 'GLfloat'
C:\Users\koksing\Desktop\GP Assignment\Malaysia_Jaegar\Malaysia_Jaegar\Malysia_Jaegar.cpp(2535,29): warning C4305: 'argument': truncation from 'double' to 'GLfloat'
C:\Users\koksing\Desktop\GP Assignment\Malaysia_Jaegar\Malaysia_Jaegar\Malysia_Jaegar.cpp(2537,28): warning C4305: 'argument': truncation from 'double' to 'GLfloat'
C:\Users\koksing\Desktop\GP Assignment\Malaysia_Jaegar\Malaysia_Jaegar\Malysia_Jaegar.cpp(2541,30): warning C4305: 'argument': truncation from 'double' to 'GLfloat'
C:\Users\koksing\Desktop\GP Assignment\Malaysia_Jaegar\Malaysia_Jaegar\Malysia_Jaegar.cpp(2548,30): warning C4305: 'argument': truncation from 'double' to 'GLfloat'
C:\Users\koksing\Desktop\GP Assignment\Malaysia_Jaegar\Malaysia_Jaegar\Malysia_Jaegar.cpp(2555,30): warning C4305: 'argument': truncation from 'double' to 'GLfloat'
C:\Users\koksing\Desktop\GP Assignment\Malaysia_Jaegar\Malaysia_Jaegar\Malysia_Jaegar.cpp(2562,30): warning C4305: 'argument': truncation from 'double' to 'GLfloat'
C:\Users\koksing\Desktop\GP Assignment\Malaysia_Jaegar\Malaysia_Jaegar\Malysia_Jaegar.cpp(2569,30): warning C4305: 'argument': truncation from 'double' to 'GLfloat'
C:\Users\koksing\Desktop\GP Assignment\Malaysia_Jaegar\Malaysia_Jaegar\Malysia_Jaegar.cpp(2582,28): warning C4305: 'argument': truncation from 'double' to 'GLfloat'
C:\Users\koksing\Desktop\GP Assignment\Malaysia_Jaegar\Malaysia_Jaegar\Malysia_Jaegar.cpp(2584,29): warning C4305: 'argument': truncation from 'double' to 'GLfloat'
C:\Users\koksing\Desktop\GP Assignment\Malaysia_Jaegar\Malaysia_Jaegar\Malysia_Jaegar.cpp(2588,24): warning C4305: 'argument': truncation from 'double' to 'GLfloat'
C:\Users\koksing\Desktop\GP Assignment\Malaysia_Jaegar\Malaysia_Jaegar\Malysia_Jaegar.cpp(2593,29): warning C4305: 'argument': truncation from 'double' to 'GLfloat'
C:\Users\koksing\Desktop\GP Assignment\Malaysia_Jaegar\Malaysia_Jaegar\Malysia_Jaegar.cpp(2596,28): warning C4305: 'argument': truncation from 'double' to 'GLfloat'
C:\Users\koksing\Desktop\GP Assignment\Malaysia_Jaegar\Malaysia_Jaegar\Malysia_Jaegar.cpp(2600,24): warning C4305: 'argument': truncation from 'double' to 'GLfloat'
C:\Users\koksing\Desktop\GP Assignment\Malaysia_Jaegar\Malaysia_Jaegar\Malysia_Jaegar.cpp(2601,29): warning C4305: 'argument': truncation from 'double' to 'GLfloat'
C:\Users\koksing\Desktop\GP Assignment\Malaysia_Jaegar\Malaysia_Jaegar\Malysia_Jaegar.cpp(2607,29): warning C4305: 'argument': truncation from 'double' to 'GLfloat'
C:\Users\koksing\Desktop\GP Assignment\Malaysia_Jaegar\Malaysia_Jaegar\Malysia_Jaegar.cpp(2610,28): warning C4305: 'argument': truncation from 'double' to 'GLfloat'
C:\Users\koksing\Desktop\GP Assignment\Malaysia_Jaegar\Malaysia_Jaegar\Malysia_Jaegar.cpp(2613,29): warning C4305: 'argument': truncation from 'double' to 'GLfloat'
C:\Users\koksing\Desktop\GP Assignment\Malaysia_Jaegar\Malaysia_Jaegar\Malysia_Jaegar.cpp(2618,29): warning C4305: 'argument': truncation from 'double' to 'GLfloat'
C:\Users\koksing\Desktop\GP Assignment\Malaysia_Jaegar\Malaysia_Jaegar\Malysia_Jaegar.cpp(2620,28): warning C4305: 'argument': truncation from 'double' to 'GLfloat'
C:\Users\koksing\Desktop\GP Assignment\Malaysia_Jaegar\Malaysia_Jaegar\Malysia_Jaegar.cpp(2625,29): warning C4305: 'argument': truncation from 'double' to 'GLfloat'
C:\Users\koksing\Desktop\GP Assignment\Malaysia_Jaegar\Malaysia_Jaegar\Malysia_Jaegar.cpp(2628,30): warning C4305: 'argument': truncation from 'double' to 'GLfloat'
C:\Users\koksing\Desktop\GP Assignment\Malaysia_Jaegar\Malaysia_Jaegar\Malysia_Jaegar.cpp(2635,29): warning C4305: 'argument': truncation from 'double' to 'GLfloat'
C:\Users\koksing\Desktop\GP Assignment\Malaysia_Jaegar\Malaysia_Jaegar\Malysia_Jaegar.cpp(2642,30): warning C4305: 'argument': truncation from 'double' to 'GLfloat'
C:\Users\koksing\Desktop\GP Assignment\Malaysia_Jaegar\Malaysia_Jaegar\Malysia_Jaegar.cpp(2649,30): warning C4305: 'argument': truncation from 'double' to 'GLfloat'
C:\Users\koksing\Desktop\GP Assignment\Malaysia_Jaegar\Malaysia_Jaegar\Malysia_Jaegar.cpp(2656,32): warning C4305: 'argument': truncation from 'double' to 'GLfloat'
C:\Users\koksing\Desktop\GP Assignment\Malaysia_Jaegar\Malaysia_Jaegar\Malysia_Jaegar.cpp(2668,32): warning C4305: 'argument': truncation from 'double' to 'GLfloat'
C:\Users\koksing\Desktop\GP Assignment\Malaysia_Jaegar\Malaysia_Jaegar\Malysia_Jaegar.cpp(2678,30): warning C4305: 'argument': truncation from 'double' to 'GLfloat'
C:\Users\koksing\Desktop\GP Assignment\Malaysia_Jaegar\Malaysia_Jaegar\Malysia_Jaegar.cpp(2689,25): warning C4805: '==': unsafe mix of type 'boolean' and type 'bool' in operation
C:\Users\koksing\Desktop\GP Assignment\Malaysia_Jaegar\Malaysia_Jaegar\Malysia_Jaegar.cpp(2710,18): warning C4305: 'initializing': truncation from 'double' to 'float'
C:\Users\koksing\Desktop\GP Assignment\Malaysia_Jaegar\Malaysia_Jaegar\Malysia_Jaegar.cpp(2711,36): warning C4305: 'initializing': truncation from 'double' to 'float'
C:\Users\koksing\Desktop\GP Assignment\Malaysia_Jaegar\Malaysia_Jaegar\Malysia_Jaegar.cpp(2727,28): warning C4305: 'argument': truncation from 'double' to 'GLfloat'
C:\Users\koksing\Desktop\GP Assignment\Malaysia_Jaegar\Malaysia_Jaegar\Malysia_Jaegar.cpp(2739,40): warning C4305: 'argument': truncation from 'double' to 'GLfloat'
C:\Users\koksing\Desktop\GP Assignment\Malaysia_Jaegar\Malaysia_Jaegar\Malysia_Jaegar.cpp(2741,29): warning C4305: 'argument': truncation from 'double' to 'GLfloat'
C:\Users\koksing\Desktop\GP Assignment\Malaysia_Jaegar\Malaysia_Jaegar\Malysia_Jaegar.cpp(2742,24): warning C4305: 'argument': truncation from 'double' to 'GLfloat'
C:\Users\koksing\Desktop\GP Assignment\Malaysia_Jaegar\Malaysia_Jaegar\Malysia_Jaegar.cpp(2749,32): warning C4305: 'argument': truncation from 'double' to 'GLfloat'
C:\Users\koksing\Desktop\GP Assignment\Malaysia_Jaegar\Malaysia_Jaegar\Malysia_Jaegar.cpp(2750,24): warning C4305: 'argument': truncation from 'double' to 'GLfloat'
C:\Users\koksing\Desktop\GP Assignment\Malaysia_Jaegar\Malaysia_Jaegar\Malysia_Jaegar.cpp(2756,32): warning C4305: 'argument': truncation from 'double' to 'GLfloat'
C:\Users\koksing\Desktop\GP Assignment\Malaysia_Jaegar\Malaysia_Jaegar\Malysia_Jaegar.cpp(2757,25): warning C4305: 'argument': truncation from 'double' to 'GLfloat'
C:\Users\koksing\Desktop\GP Assignment\Malaysia_Jaegar\Malaysia_Jaegar\Malysia_Jaegar.cpp(2764,44): warning C4305: '+=': truncation from 'double' to 'float'
C:\Users\koksing\Desktop\GP Assignment\Malaysia_Jaegar\Malaysia_Jaegar\Malysia_Jaegar.cpp(2766,10): warning C4244: '=': conversion from 'double' to 'float', possible loss of data
C:\Users\koksing\Desktop\GP Assignment\Malaysia_Jaegar\Malaysia_Jaegar\Malysia_Jaegar.cpp(2767,10): warning C4244: '=': conversion from 'double' to 'float', possible loss of data
C:\Users\koksing\Desktop\GP Assignment\Malaysia_Jaegar\Malaysia_Jaegar\Malysia_Jaegar.cpp(2776,31): warning C4305: 'argument': truncation from 'double' to 'GLfloat'
C:\Users\koksing\Desktop\GP Assignment\Malaysia_Jaegar\Malaysia_Jaegar\Malysia_Jaegar.cpp(2777,25): warning C4305: 'argument': truncation from 'double' to 'GLfloat'
C:\Users\koksing\Desktop\GP Assignment\Malaysia_Jaegar\Malaysia_Jaegar\Malysia_Jaegar.cpp(2783,44): warning C4305: '+=': truncation from 'double' to 'float'
C:\Users\koksing\Desktop\GP Assignment\Malaysia_Jaegar\Malaysia_Jaegar\Malysia_Jaegar.cpp(2785,10): warning C4244: '=': conversion from 'double' to 'float', possible loss of data
C:\Users\koksing\Desktop\GP Assignment\Malaysia_Jaegar\Malaysia_Jaegar\Malysia_Jaegar.cpp(2786,10): warning C4244: '=': conversion from 'double' to 'float', possible loss of data
C:\Users\koksing\Desktop\GP Assignment\Malaysia_Jaegar\Malaysia_Jaegar\Malysia_Jaegar.cpp(2800,29): warning C4305: 'argument': truncation from 'double' to 'GLfloat'
C:\Users\koksing\Desktop\GP Assignment\Malaysia_Jaegar\Malaysia_Jaegar\Malysia_Jaegar.cpp(2801,25): warning C4305: 'argument': truncation from 'double' to 'GLfloat'
C:\Users\koksing\Desktop\GP Assignment\Malaysia_Jaegar\Malaysia_Jaegar\Malysia_Jaegar.cpp(2815,25): warning C4805: '==': unsafe mix of type 'boolean' and type 'bool' in operation
C:\Users\koksing\Desktop\GP Assignment\Malaysia_Jaegar\Malaysia_Jaegar\Malysia_Jaegar.cpp(2836,18): warning C4305: 'initializing': truncation from 'double' to 'float'
C:\Users\koksing\Desktop\GP Assignment\Malaysia_Jaegar\Malaysia_Jaegar\Malysia_Jaegar.cpp(2837,36): warning C4305: 'initializing': truncation from 'double' to 'float'
C:\Users\koksing\Desktop\GP Assignment\Malaysia_Jaegar\Malaysia_Jaegar\Malysia_Jaegar.cpp(2857,28): warning C4305: 'argument': truncation from 'double' to 'GLfloat'
C:\Users\koksing\Desktop\GP Assignment\Malaysia_Jaegar\Malaysia_Jaegar\Malysia_Jaegar.cpp(2867,40): warning C4305: 'argument': truncation from 'double' to 'GLfloat'
C:\Users\koksing\Desktop\GP Assignment\Malaysia_Jaegar\Malaysia_Jaegar\Malysia_Jaegar.cpp(2869,29): warning C4305: 'argument': truncation from 'double' to 'GLfloat'
C:\Users\koksing\Desktop\GP Assignment\Malaysia_Jaegar\Malaysia_Jaegar\Malysia_Jaegar.cpp(2870,24): warning C4305: 'argument': truncation from 'double' to 'GLfloat'
C:\Users\koksing\Desktop\GP Assignment\Malaysia_Jaegar\Malaysia_Jaegar\Malysia_Jaegar.cpp(2877,32): warning C4305: 'argument': truncation from 'double' to 'GLfloat'
C:\Users\koksing\Desktop\GP Assignment\Malaysia_Jaegar\Malaysia_Jaegar\Malysia_Jaegar.cpp(2878,24): warning C4305: 'argument': truncation from 'double' to 'GLfloat'
C:\Users\koksing\Desktop\GP Assignment\Malaysia_Jaegar\Malaysia_Jaegar\Malysia_Jaegar.cpp(2884,32): warning C4305: 'argument': truncation from 'double' to 'GLfloat'
C:\Users\koksing\Desktop\GP Assignment\Malaysia_Jaegar\Malaysia_Jaegar\Malysia_Jaegar.cpp(2885,25): warning C4305: 'argument': truncation from 'double' to 'GLfloat'
C:\Users\koksing\Desktop\GP Assignment\Malaysia_Jaegar\Malaysia_Jaegar\Malysia_Jaegar.cpp(2891,44): warning C4305: '+=': truncation from 'double' to 'float'
C:\Users\koksing\Desktop\GP Assignment\Malaysia_Jaegar\Malaysia_Jaegar\Malysia_Jaegar.cpp(2893,10): warning C4244: '=': conversion from 'double' to 'float', possible loss of data
C:\Users\koksing\Desktop\GP Assignment\Malaysia_Jaegar\Malaysia_Jaegar\Malysia_Jaegar.cpp(2894,10): warning C4244: '=': conversion from 'double' to 'float', possible loss of data
C:\Users\koksing\Desktop\GP Assignment\Malaysia_Jaegar\Malaysia_Jaegar\Malysia_Jaegar.cpp(2903,31): warning C4305: 'argument': truncation from 'double' to 'GLfloat'
C:\Users\koksing\Desktop\GP Assignment\Malaysia_Jaegar\Malaysia_Jaegar\Malysia_Jaegar.cpp(2904,25): warning C4305: 'argument': truncation from 'double' to 'GLfloat'
C:\Users\koksing\Desktop\GP Assignment\Malaysia_Jaegar\Malaysia_Jaegar\Malysia_Jaegar.cpp(2910,44): warning C4305: '+=': truncation from 'double' to 'float'
C:\Users\koksing\Desktop\GP Assignment\Malaysia_Jaegar\Malaysia_Jaegar\Malysia_Jaegar.cpp(2912,10): warning C4244: '=': conversion from 'double' to 'float', possible loss of data
C:\Users\koksing\Desktop\GP Assignment\Malaysia_Jaegar\Malaysia_Jaegar\Malysia_Jaegar.cpp(2913,10): warning C4244: '=': conversion from 'double' to 'float', possible loss of data
C:\Users\koksing\Desktop\GP Assignment\Malaysia_Jaegar\Malaysia_Jaegar\Malysia_Jaegar.cpp(2926,29): warning C4305: 'argument': truncation from 'double' to 'GLfloat'
C:\Users\koksing\Desktop\GP Assignment\Malaysia_Jaegar\Malaysia_Jaegar\Malysia_Jaegar.cpp(2927,25): warning C4305: 'argument': truncation from 'double' to 'GLfloat'
C:\Users\koksing\Desktop\GP Assignment\Malaysia_Jaegar\Malaysia_Jaegar\Malysia_Jaegar.cpp(2940,18): warning C4305: 'initializing': truncation from 'double' to 'float'
C:\Users\koksing\Desktop\GP Assignment\Malaysia_Jaegar\Malaysia_Jaegar\Malysia_Jaegar.cpp(2941,36): warning C4305: 'initializing': truncation from 'double' to 'float'
C:\Users\koksing\Desktop\GP Assignment\Malaysia_Jaegar\Malaysia_Jaegar\Malysia_Jaegar.cpp(2949,29): warning C4305: 'argument': truncation from 'double' to 'GLfloat'
C:\Users\koksing\Desktop\GP Assignment\Malaysia_Jaegar\Malaysia_Jaegar\Malysia_Jaegar.cpp(2950,24): warning C4305: 'argument': truncation from 'double' to 'GLfloat'
C:\Users\koksing\Desktop\GP Assignment\Malaysia_Jaegar\Malaysia_Jaegar\Malysia_Jaegar.cpp(2966,30): warning C4305: 'argument': truncation from 'double' to 'GLfloat'
C:\Users\koksing\Desktop\GP Assignment\Malaysia_Jaegar\Malaysia_Jaegar\Malysia_Jaegar.cpp(2967,24): warning C4305: 'argument': truncation from 'double' to 'GLfloat'
C:\Users\koksing\Desktop\GP Assignment\Malaysia_Jaegar\Malaysia_Jaegar\Malysia_Jaegar.cpp(2975,31): warning C4305: 'argument': truncation from 'double' to 'GLfloat'
C:\Users\koksing\Desktop\GP Assignment\Malaysia_Jaegar\Malaysia_Jaegar\Malysia_Jaegar.cpp(2976,24): warning C4305: 'argument': truncation from 'double' to 'GLfloat'
C:\Users\koksing\Desktop\GP Assignment\Malaysia_Jaegar\Malaysia_Jaegar\Malysia_Jaegar.cpp(2984,31): warning C4305: 'argument': truncation from 'double' to 'GLfloat'
C:\Users\koksing\Desktop\GP Assignment\Malaysia_Jaegar\Malaysia_Jaegar\Malysia_Jaegar.cpp(2985,24): warning C4305: 'argument': truncation from 'double' to 'GLfloat'
C:\Users\koksing\Desktop\GP Assignment\Malaysia_Jaegar\Malaysia_Jaegar\Malysia_Jaegar.cpp(2989,30): warning C4305: 'argument': truncation from 'double' to 'GLfloat'
C:\Users\koksing\Desktop\GP Assignment\Malaysia_Jaegar\Malaysia_Jaegar\Malysia_Jaegar.cpp(2990,24): warning C4305: 'argument': truncation from 'double' to 'GLfloat'
C:\Users\koksing\Desktop\GP Assignment\Malaysia_Jaegar\Malaysia_Jaegar\Malysia_Jaegar.cpp(2997,31): warning C4305: 'argument': truncation from 'double' to 'GLfloat'
C:\Users\koksing\Desktop\GP Assignment\Malaysia_Jaegar\Malaysia_Jaegar\Malysia_Jaegar.cpp(2998,24): warning C4305: 'argument': truncation from 'double' to 'GLfloat'
C:\Users\koksing\Desktop\GP Assignment\Malaysia_Jaegar\Malaysia_Jaegar\Malysia_Jaegar.cpp(3004,31): warning C4305: 'argument': truncation from 'double' to 'GLfloat'
C:\Users\koksing\Desktop\GP Assignment\Malaysia_Jaegar\Malaysia_Jaegar\Malysia_Jaegar.cpp(3005,24): warning C4305: 'argument': truncation from 'double' to 'GLfloat'
C:\Users\koksing\Desktop\GP Assignment\Malaysia_Jaegar\Malaysia_Jaegar\Malysia_Jaegar.cpp(3011,31): warning C4305: 'argument': truncation from 'double' to 'GLfloat'
C:\Users\koksing\Desktop\GP Assignment\Malaysia_Jaegar\Malaysia_Jaegar\Malysia_Jaegar.cpp(3012,24): warning C4305: 'argument': truncation from 'double' to 'GLfloat'
C:\Users\koksing\Desktop\GP Assignment\Malaysia_Jaegar\Malaysia_Jaegar\Malysia_Jaegar.cpp(3023,31): warning C4305: 'argument': truncation from 'double' to 'GLfloat'
C:\Users\koksing\Desktop\GP Assignment\Malaysia_Jaegar\Malaysia_Jaegar\Malysia_Jaegar.cpp(3024,24): warning C4305: 'argument': truncation from 'double' to 'GLfloat'
C:\Users\koksing\Desktop\GP Assignment\Malaysia_Jaegar\Malaysia_Jaegar\Malysia_Jaegar.cpp(3027,22): warning C4305: 'argument': truncation from 'double' to 'GLfloat'
C:\Users\koksing\Desktop\GP Assignment\Malaysia_Jaegar\Malaysia_Jaegar\Malysia_Jaegar.cpp(3028,21): warning C4305: 'argument': truncation from 'double' to 'GLfloat'
C:\Users\koksing\Desktop\GP Assignment\Malaysia_Jaegar\Malaysia_Jaegar\Malysia_Jaegar.cpp(3029,22): warning C4305: 'argument': truncation from 'double' to 'GLfloat'
C:\Users\koksing\Desktop\GP Assignment\Malaysia_Jaegar\Malaysia_Jaegar\Malysia_Jaegar.cpp(3030,23): warning C4305: 'argument': truncation from 'double' to 'GLfloat'
C:\Users\koksing\Desktop\GP Assignment\Malaysia_Jaegar\Malaysia_Jaegar\Malysia_Jaegar.cpp(3036,33): warning C4305: 'argument': truncation from 'double' to 'GLfloat'
C:\Users\koksing\Desktop\GP Assignment\Malaysia_Jaegar\Malaysia_Jaegar\Malysia_Jaegar.cpp(3038,24): warning C4305: 'argument': truncation from 'double' to 'GLfloat'
C:\Users\koksing\Desktop\GP Assignment\Malaysia_Jaegar\Malaysia_Jaegar\Malysia_Jaegar.cpp(3046,30): warning C4305: 'argument': truncation from 'double' to 'GLfloat'
C:\Users\koksing\Desktop\GP Assignment\Malaysia_Jaegar\Malaysia_Jaegar\Malysia_Jaegar.cpp(3047,24): warning C4305: 'argument': truncation from 'double' to 'GLfloat'
C:\Users\koksing\Desktop\GP Assignment\Malaysia_Jaegar\Malaysia_Jaegar\Malysia_Jaegar.cpp(3050,22): warning C4305: 'argument': truncation from 'double' to 'GLfloat'
C:\Users\koksing\Desktop\GP Assignment\Malaysia_Jaegar\Malaysia_Jaegar\Malysia_Jaegar.cpp(3051,21): warning C4305: 'argument': truncation from 'double' to 'GLfloat'
C:\Users\koksing\Desktop\GP Assignment\Malaysia_Jaegar\Malaysia_Jaegar\Malysia_Jaegar.cpp(3052,22): warning C4305: 'argument': truncation from 'double' to 'GLfloat'
C:\Users\koksing\Desktop\GP Assignment\Malaysia_Jaegar\Malaysia_Jaegar\Malysia_Jaegar.cpp(3053,23): warning C4305: 'argument': truncation from 'double' to 'GLfloat'
C:\Users\koksing\Desktop\GP Assignment\Malaysia_Jaegar\Malaysia_Jaegar\Malysia_Jaegar.cpp(3059,32): warning C4305: 'argument': truncation from 'double' to 'GLfloat'
C:\Users\koksing\Desktop\GP Assignment\Malaysia_Jaegar\Malaysia_Jaegar\Malysia_Jaegar.cpp(3061,24): warning C4305: 'argument': truncation from 'double' to 'GLfloat'
C:\Users\koksing\Desktop\GP Assignment\Malaysia_Jaegar\Malaysia_Jaegar\Malysia_Jaegar.cpp(3069,21): warning C4305: 'initializing': truncation from 'double' to 'float'
C:\Users\koksing\Desktop\GP Assignment\Malaysia_Jaegar\Malaysia_Jaegar\Malysia_Jaegar.cpp(3074,13): warning C4305: '+=': truncation from 'double' to 'float'
C:\Users\koksing\Desktop\GP Assignment\Malaysia_Jaegar\Malaysia_Jaegar\Malysia_Jaegar.cpp(3082,36): warning C4244: 'argument': conversion from 'float' to 'int', possible loss of data
C:\Users\koksing\Desktop\GP Assignment\Malaysia_Jaegar\Malaysia_Jaegar\Malysia_Jaegar.cpp(3082,27): warning C4244: 'argument': conversion from 'float' to 'int', possible loss of data
C:\Users\koksing\Desktop\GP Assignment\Malaysia_Jaegar\Malaysia_Jaegar\Malysia_Jaegar.cpp(3085,29): warning C4305: 'argument': truncation from 'double' to 'GLfloat'
C:\Users\koksing\Desktop\GP Assignment\Malaysia_Jaegar\Malaysia_Jaegar\Malysia_Jaegar.cpp(3086,36): warning C4244: 'argument': conversion from 'float' to 'int', possible loss of data
C:\Users\koksing\Desktop\GP Assignment\Malaysia_Jaegar\Malaysia_Jaegar\Malysia_Jaegar.cpp(3086,27): warning C4244: 'argument': conversion from 'float' to 'int', possible loss of data
C:\Users\koksing\Desktop\GP Assignment\Malaysia_Jaegar\Malaysia_Jaegar\Malysia_Jaegar.cpp(3090,29): warning C4305: 'argument': truncation from 'double' to 'GLfloat'
C:\Users\koksing\Desktop\GP Assignment\Malaysia_Jaegar\Malaysia_Jaegar\Malysia_Jaegar.cpp(3091,36): warning C4244: 'argument': conversion from 'float' to 'int', possible loss of data
C:\Users\koksing\Desktop\GP Assignment\Malaysia_Jaegar\Malaysia_Jaegar\Malysia_Jaegar.cpp(3091,27): warning C4244: 'argument': conversion from 'float' to 'int', possible loss of data
C:\Users\koksing\Desktop\GP Assignment\Malaysia_Jaegar\Malaysia_Jaegar\Malysia_Jaegar.cpp(3096,21): warning C4305: 'initializing': truncation from 'double' to 'float'
C:\Users\koksing\Desktop\GP Assignment\Malaysia_Jaegar\Malaysia_Jaegar\Malysia_Jaegar.cpp(3101,13): warning C4305: '+=': truncation from 'double' to 'float'
C:\Users\koksing\Desktop\GP Assignment\Malaysia_Jaegar\Malaysia_Jaegar\Malysia_Jaegar.cpp(3109,36): warning C4244: 'argument': conversion from 'float' to 'int', possible loss of data
C:\Users\koksing\Desktop\GP Assignment\Malaysia_Jaegar\Malaysia_Jaegar\Malysia_Jaegar.cpp(3109,27): warning C4244: 'argument': conversion from 'float' to 'int', possible loss of data
C:\Users\koksing\Desktop\GP Assignment\Malaysia_Jaegar\Malaysia_Jaegar\Malysia_Jaegar.cpp(3112,29): warning C4305: 'argument': truncation from 'double' to 'GLfloat'
C:\Users\koksing\Desktop\GP Assignment\Malaysia_Jaegar\Malaysia_Jaegar\Malysia_Jaegar.cpp(3113,36): warning C4244: 'argument': conversion from 'float' to 'int', possible loss of data
C:\Users\koksing\Desktop\GP Assignment\Malaysia_Jaegar\Malaysia_Jaegar\Malysia_Jaegar.cpp(3113,27): warning C4244: 'argument': conversion from 'float' to 'int', possible loss of data
C:\Users\koksing\Desktop\GP Assignment\Malaysia_Jaegar\Malaysia_Jaegar\Malysia_Jaegar.cpp(3118,21): warning C4305: 'initializing': truncation from 'double' to 'float'
C:\Users\koksing\Desktop\GP Assignment\Malaysia_Jaegar\Malaysia_Jaegar\Malysia_Jaegar.cpp(3123,14): warning C4305: '+=': truncation from 'double' to 'float'
C:\Users\koksing\Desktop\GP Assignment\Malaysia_Jaegar\Malaysia_Jaegar\Malysia_Jaegar.cpp(3133,36): warning C4244: 'argument': conversion from 'float' to 'int', possible loss of data
C:\Users\koksing\Desktop\GP Assignment\Malaysia_Jaegar\Malaysia_Jaegar\Malysia_Jaegar.cpp(3133,27): warning C4244: 'argument': conversion from 'float' to 'int', possible loss of data
C:\Users\koksing\Desktop\GP Assignment\Malaysia_Jaegar\Malaysia_Jaegar\Malysia_Jaegar.cpp(3137,36): warning C4244: 'argument': conversion from 'float' to 'int', possible loss of data
C:\Users\koksing\Desktop\GP Assignment\Malaysia_Jaegar\Malaysia_Jaegar\Malysia_Jaegar.cpp(3137,27): warning C4244: 'argument': conversion from 'float' to 'int', possible loss of data
C:\Users\koksing\Desktop\GP Assignment\Malaysia_Jaegar\Malaysia_Jaegar\Malysia_Jaegar.cpp(3142,36): warning C4244: 'argument': conversion from 'float' to 'int', possible loss of data
C:\Users\koksing\Desktop\GP Assignment\Malaysia_Jaegar\Malaysia_Jaegar\Malysia_Jaegar.cpp(3142,27): warning C4244: 'argument': conversion from 'float' to 'int', possible loss of data
C:\Users\koksing\Desktop\GP Assignment\Malaysia_Jaegar\Malaysia_Jaegar\Malysia_Jaegar.cpp(3149,29): warning C4305: 'argument': truncation from 'double' to 'GLfloat'
C:\Users\koksing\Desktop\GP Assignment\Malaysia_Jaegar\Malaysia_Jaegar\Malysia_Jaegar.cpp(3150,24): warning C4305: 'argument': truncation from 'double' to 'GLfloat'
C:\Users\koksing\Desktop\GP Assignment\Malaysia_Jaegar\Malaysia_Jaegar\Malysia_Jaegar.cpp(3157,31): warning C4305: 'argument': truncation from 'double' to 'GLfloat'
C:\Users\koksing\Desktop\GP Assignment\Malaysia_Jaegar\Malaysia_Jaegar\Malysia_Jaegar.cpp(3163,30): warning C4305: 'argument': truncation from 'double' to 'GLfloat'
C:\Users\koksing\Desktop\GP Assignment\Malaysia_Jaegar\Malaysia_Jaegar\Malysia_Jaegar.cpp(3169,32): warning C4305: 'argument': truncation from 'double' to 'GLfloat'
C:\Users\koksing\Desktop\GP Assignment\Malaysia_Jaegar\Malaysia_Jaegar\Malysia_Jaegar.cpp(3175,30): warning C4305: 'argument': truncation from 'double' to 'GLfloat'
C:\Users\koksing\Desktop\GP Assignment\Malaysia_Jaegar\Malaysia_Jaegar\Malysia_Jaegar.cpp(3176,24): warning C4305: 'argument': truncation from 'double' to 'GLfloat'
C:\Users\koksing\Desktop\GP Assignment\Malaysia_Jaegar\Malaysia_Jaegar\Malysia_Jaegar.cpp(3189,29): warning C4305: 'argument': truncation from 'double' to 'GLfloat'
C:\Users\koksing\Desktop\GP Assignment\Malaysia_Jaegar\Malaysia_Jaegar\Malysia_Jaegar.cpp(3190,24): warning C4305: 'argument': truncation from 'double' to 'GLfloat'
C:\Users\koksing\Desktop\GP Assignment\Malaysia_Jaegar\Malaysia_Jaegar\Malysia_Jaegar.cpp(3197,31): warning C4305: 'argument': truncation from 'double' to 'GLfloat'
C:\Users\koksing\Desktop\GP Assignment\Malaysia_Jaegar\Malaysia_Jaegar\Malysia_Jaegar.cpp(3203,30): warning C4305: 'argument': truncation from 'double' to 'GLfloat'
C:\Users\koksing\Desktop\GP Assignment\Malaysia_Jaegar\Malaysia_Jaegar\Malysia_Jaegar.cpp(3209,32): warning C4305: 'argument': truncation from 'double' to 'GLfloat'
C:\Users\koksing\Desktop\GP Assignment\Malaysia_Jaegar\Malaysia_Jaegar\Malysia_Jaegar.cpp(3215,30): warning C4305: 'argument': truncation from 'double' to 'GLfloat'
C:\Users\koksing\Desktop\GP Assignment\Malaysia_Jaegar\Malaysia_Jaegar\Malysia_Jaegar.cpp(3216,24): warning C4305: 'argument': truncation from 'double' to 'GLfloat'
C:\Users\koksing\Desktop\GP Assignment\Malaysia_Jaegar\Malaysia_Jaegar\Malysia_Jaegar.cpp(3231,37): warning C4305: 'argument': truncation from 'double' to 'GLclampf'
C:\Users\koksing\Desktop\GP Assignment\Malaysia_Jaegar\Malaysia_Jaegar\Malysia_Jaegar.cpp(3250,25): warning C4305: 'argument': truncation from 'double' to 'GLfloat'
C:\Users\koksing\Desktop\GP Assignment\Malaysia_Jaegar\Malaysia_Jaegar\Malysia_Jaegar.cpp(3260,29): warning C4305: 'argument': truncation from 'double' to 'GLfloat'
C:\Users\koksing\Desktop\GP Assignment\Malaysia_Jaegar\Malaysia_Jaegar\Malysia_Jaegar.cpp(3261,24): warning C4305: 'argument': truncation from 'double' to 'GLfloat'
C:\Users\koksing\Desktop\GP Assignment\Malaysia_Jaegar\Malaysia_Jaegar\Malysia_Jaegar.cpp(3263,29): warning C4305: 'argument': truncation from 'double' to 'GLfloat'
C:\Users\koksing\Desktop\GP Assignment\Malaysia_Jaegar\Malaysia_Jaegar\Malysia_Jaegar.cpp(3271,22): warning C4305: 'argument': truncation from 'double' to 'GLfloat'
C:\Users\koksing\Desktop\GP Assignment\Malaysia_Jaegar\Malaysia_Jaegar\Malysia_Jaegar.cpp(3279,30): warning C4305: 'argument': truncation from 'double' to 'GLfloat'
C:\Users\koksing\Desktop\GP Assignment\Malaysia_Jaegar\Malaysia_Jaegar\Malysia_Jaegar.cpp(3284,29): warning C4305: 'argument': truncation from 'double' to 'GLfloat'
C:\Users\koksing\Desktop\GP Assignment\Malaysia_Jaegar\Malaysia_Jaegar\Malysia_Jaegar.cpp(3292,30): warning C4305: 'argument': truncation from 'double' to 'GLfloat'
C:\Users\koksing\Desktop\GP Assignment\Malaysia_Jaegar\Malaysia_Jaegar\Malysia_Jaegar.cpp(3298,29): warning C4305: 'argument': truncation from 'double' to 'GLfloat'
  Malaysia_Jaegar.vcxproj -> C:\Users\koksing\Desktop\GP Assignment\Malaysia_Jaegar\Debug\Malaysia_Jaegar.exe
